<?xml version="1.0" encoding="UTF-8"?>
<!-- Generated by org.testng.reporters.JUnitReportReporter -->
<testsuite hostname="DESKTOP-K5BQM8C" failures="0" tests="1" name="Testpkg.Hometest1" time="20.877" errors="0" timestamp="2024-10-05T03:15:43 PDT" skipped="0">
  <testcase classname="Testpkg.Hometest1" name="verifyhomepageelements" time="20.877"/>
</testsuite> <!-- Testpkg.Hometest1 -->
