<?xml version="1.0" encoding="UTF-8"?>
<!-- Generated by org.testng.reporters.JUnitReportReporter -->
<testsuite hostname="DESKTOP-K5BQM8C" failures="0" tests="1" name="Testpkg.Logintest1" time="9.347" errors="0" timestamp="2024-10-05T03:10:38 PDT" skipped="0">
  <testcase classname="Testpkg.Logintest1" name="verifylogincredential" time="9.347"/>
</testsuite> <!-- Testpkg.Logintest1 -->
