<?xml version="1.0" encoding="UTF-8"?>
<!-- Generated by org.testng.reporters.JUnitReportReporter -->
<testsuite hostname="DESKTOP-K5BQM8C" failures="0" tests="1" name="Testpkg.Hometest" time="1.327" errors="0" timestamp="2024-09-12T22:16:11 PDT" skipped="0">
  <testcase classname="Testpkg.Hometest" name="verifyhomepageelements" time="1.327"/>
</testsuite> <!-- Testpkg.Hometest -->
